This is pdfTeX, Version 3.1415926-2.3-1.40.12 (TeX Live 2011) (format=latex 2011.7.3)  27 MAR 2013 13:12
entering extended mode
 restricted \write18 enabled.
 %&-line parsing enabled.
**extended.tex
(./extended.tex
LaTeX2e <2009/09/24>
Babel <v3.8l> and hyphenation patterns for english, dumylang, nohyphenation, ge
rman-x-2009-06-19, ngerman-x-2009-06-19, afrikaans, ancientgreek, ibycus, arabi
c, armenian, basque, bulgarian, catalan, pinyin, coptic, croatian, czech, danis
h, dutch, ukenglish, usenglishmax, esperanto, estonian, ethiopic, farsi, finnis
h, french, galician, german, ngerman, swissgerman, monogreek, greek, hungarian,
 icelandic, assamese, bengali, gujarati, hindi, kannada, malayalam, marathi, or
iya, panjabi, tamil, telugu, indonesian, interlingua, irish, italian, kurmanji,
 lao, latin, latvian, lithuanian, mongolian, mongolianlmc, bokmal, nynorsk, pol
ish, portuguese, romanian, russian, sanskrit, serbian, serbianc, slovak, sloven
ian, spanish, swedish, turkish, turkmen, ukrainian, uppersorbian, welsh, loaded
.
(/Users/iason/Library/texmf/tex/latex/llncs2e/llncs.cls
Document Class: llncs 2010/07/12 v2.17 
 LaTeX document class for Lecture Notes in Computer Science
(/usr/local/texlive/2011/texmf-dist/tex/latex/base/article.cls
Document Class: article 2007/10/19 v1.4h Standard LaTeX document class
(/usr/local/texlive/2011/texmf-dist/tex/latex/base/size10.clo
File: size10.clo 2007/10/19 v1.4h Standard LaTeX file (size option)
)
\c@part=\count79
\c@section=\count80
\c@subsection=\count81
\c@subsubsection=\count82
\c@paragraph=\count83
\c@subparagraph=\count84
\c@figure=\count85
\c@table=\count86
\abovecaptionskip=\skip41
\belowcaptionskip=\skip42
\bibindent=\dimen102
)
(/usr/local/texlive/2011/texmf-dist/tex/latex/tools/multicol.sty
Package: multicol 2008/12/05 v1.6h multicolumn formatting (FMi)
\c@tracingmulticols=\count87
\mult@box=\box26
\multicol@leftmargin=\dimen103
\c@unbalance=\count88
\c@collectmore=\count89
\doublecol@number=\count90
\multicoltolerance=\count91
\multicolpretolerance=\count92
\full@width=\dimen104
\page@free=\dimen105
\premulticols=\dimen106
\postmulticols=\dimen107
\multicolsep=\skip43
\multicolbaselineskip=\skip44
\partial@page=\box27
\last@line=\box28
\mult@rightbox=\box29
\mult@grightbox=\box30
\mult@gfirstbox=\box31
\mult@firstbox=\box32
\@tempa=\box33
\@tempa=\box34
\@tempa=\box35
\@tempa=\box36
\@tempa=\box37
\@tempa=\box38
\@tempa=\box39
\@tempa=\box40
\@tempa=\box41
\@tempa=\box42
\@tempa=\box43
\@tempa=\box44
\@tempa=\box45
\@tempa=\box46
\@tempa=\box47
\@tempa=\box48
\@tempa=\box49
\c@columnbadness=\count93
\c@finalcolumnbadness=\count94
\last@try=\dimen108
\multicolovershoot=\dimen109
\multicolundershoot=\dimen110
\mult@nat@firstbox=\box50
\colbreak@box=\box51
)
(/Users/iason/Library/texmf/tex/latex/llncs2e/aliascnt.sty
Package: aliascnt 2009/09/08 v1.3 Alias counter (HO)

(/Users/iason/Library/texmf/tex/latex/llncs2e/remreset.sty))
\c@chapter=\count95
LaTeX Font Info:    Redeclaring math symbol \Gamma on input line 362.
LaTeX Font Info:    Redeclaring math symbol \Delta on input line 363.
LaTeX Font Info:    Redeclaring math symbol \Theta on input line 364.
LaTeX Font Info:    Redeclaring math symbol \Lambda on input line 365.
LaTeX Font Info:    Redeclaring math symbol \Xi on input line 366.
LaTeX Font Info:    Redeclaring math symbol \Pi on input line 367.
LaTeX Font Info:    Redeclaring math symbol \Sigma on input line 368.
LaTeX Font Info:    Redeclaring math symbol \Upsilon on input line 369.
LaTeX Font Info:    Redeclaring math symbol \Phi on input line 370.
LaTeX Font Info:    Redeclaring math symbol \Psi on input line 371.
LaTeX Font Info:    Redeclaring math symbol \Omega on input line 372.
\tocchpnum=\dimen111
\tocsecnum=\dimen112
\tocsectotal=\dimen113
\tocsubsecnum=\dimen114
\tocsubsectotal=\dimen115
\tocsubsubsecnum=\dimen116
\tocsubsubsectotal=\dimen117
\tocparanum=\dimen118
\tocparatotal=\dimen119
\tocsubparanum=\dimen120
\@tempcntc=\count96
\fnindent=\dimen121
\c@@inst=\count97
\c@@auth=\count98
\c@auco=\count99
\instindent=\dimen122
\authrun=\box52
\authorrunning=\toks14
\tocauthor=\toks15
\titrun=\box53
\titlerunning=\toks16
\toctitle=\toks17
\c@theorem=\count100
\c@case=\count101
\c@conjecture=\count102
\c@corollary=\count103
\c@definition=\count104
\c@example=\count105
\c@exercise=\count106
\c@lemma=\count107
\c@note=\count108
\c@problem=\count109
\c@property=\count110
\c@proposition=\count111
\c@question=\count112
\c@solution=\count113
\c@remark=\count114
\headlineindent=\dimen123
)
(/usr/local/texlive/2011/texmf-dist/tex/latex/amsfonts/amssymb.sty
Package: amssymb 2009/06/22 v3.00

(/usr/local/texlive/2011/texmf-dist/tex/latex/amsfonts/amsfonts.sty
Package: amsfonts 2009/06/22 v3.00 Basic AMSFonts support
\@emptytoks=\toks18
\symAMSa=\mathgroup4
\symAMSb=\mathgroup5
LaTeX Font Info:    Overwriting math alphabet `\mathfrak' in version `bold'
(Font)                  U/euf/m/n --> U/euf/b/n on input line 96.
))
(/usr/local/texlive/2011/texmf-dist/tex/latex/graphics/graphicx.sty
Package: graphicx 1999/02/16 v1.0f Enhanced LaTeX Graphics (DPC,SPQR)

(/usr/local/texlive/2011/texmf-dist/tex/latex/graphics/keyval.sty
Package: keyval 1999/03/16 v1.13 key=value parser (DPC)
\KV@toks@=\toks19
)
(/usr/local/texlive/2011/texmf-dist/tex/latex/graphics/graphics.sty
Package: graphics 2009/02/05 v1.0o Standard LaTeX Graphics (DPC,SPQR)

(/usr/local/texlive/2011/texmf-dist/tex/latex/graphics/trig.sty
Package: trig 1999/03/16 v1.09 sin cos tan (DPC)
)
(/usr/local/texlive/2011/texmf-dist/tex/latex/latexconfig/graphics.cfg
File: graphics.cfg 2010/04/23 v1.9 graphics configuration of TeX Live
)
Package graphics Info: Driver file: pdftex.def on input line 91.

(/usr/local/texlive/2011/texmf-dist/tex/latex/pdftex-def/pdftex.def
File: pdftex.def 2011/05/27 v0.06d Graphics/color for pdfTeX

(/usr/local/texlive/2011/texmf-dist/tex/generic/oberdiek/infwarerr.sty
Package: infwarerr 2010/04/08 v1.3 Providing info/warning/message (HO)
)
(/usr/local/texlive/2011/texmf-dist/tex/generic/oberdiek/ltxcmds.sty
Package: ltxcmds 2011/04/18 v1.20 LaTeX kernel commands for general use (HO)
)

! Package pdftex.def Error: PDF mode expected, but DVI mode detected!
(pdftex.def)                If you are using `latex', then call `pdflatex'.
(pdftex.def)                Otherwise check and correct the driver options.
(pdftex.def)                Error recovery by switching to PDF mode.

See the pdftex.def package documentation for explanation.
Type  H <return>  for immediate help.
 ...                                              
                                                  
l.433   }\@ehc
              
Try typing  <return>  to proceed.
If that doesn't work, type  X <return>  to quit.

\Gread@gobject=\count115
))
\Gin@req@height=\dimen124
\Gin@req@width=\dimen125
) (/usr/local/texlive/2011/texmf-dist/tex/latex/amsmath/amsmath.sty
Package: amsmath 2000/07/18 v2.13 AMS math features
\@mathmargin=\skip45

For additional information on amsmath, use the `?' option.
(/usr/local/texlive/2011/texmf-dist/tex/latex/amsmath/amstext.sty
Package: amstext 2000/06/29 v2.01

(/usr/local/texlive/2011/texmf-dist/tex/latex/amsmath/amsgen.sty
File: amsgen.sty 1999/11/30 v2.0
\@emptytoks=\toks20
\ex@=\dimen126
))
(/usr/local/texlive/2011/texmf-dist/tex/latex/amsmath/amsbsy.sty
Package: amsbsy 1999/11/29 v1.2d
\pmbraise@=\dimen127
)
(/usr/local/texlive/2011/texmf-dist/tex/latex/amsmath/amsopn.sty
Package: amsopn 1999/12/14 v2.01 operator names
)
\inf@bad=\count116
LaTeX Info: Redefining \frac on input line 211.
\uproot@=\count117
\leftroot@=\count118
LaTeX Info: Redefining \overline on input line 307.
\classnum@=\count119
\DOTSCASE@=\count120
LaTeX Info: Redefining \ldots on input line 379.
LaTeX Info: Redefining \dots on input line 382.
LaTeX Info: Redefining \cdots on input line 467.
\Mathstrutbox@=\box54
\strutbox@=\box55
\big@size=\dimen128
LaTeX Font Info:    Redeclaring font encoding OML on input line 567.
LaTeX Font Info:    Redeclaring font encoding OMS on input line 568.


Package amsmath Warning: Unable to redefine math accent \vec.

\macc@depth=\count121
\c@MaxMatrixCols=\count122
\dotsspace@=\muskip10
\c@parentequation=\count123
\dspbrk@lvl=\count124
\tag@help=\toks21
\row@=\count125
\column@=\count126
\maxfields@=\count127
\andhelp@=\toks22
\eqnshift@=\dimen129
\alignsep@=\dimen130
\tagshift@=\dimen131
\tagwidth@=\dimen132
\totwidth@=\dimen133
\lineht@=\dimen134
\@envbody=\toks23
\multlinegap=\skip46
\multlinetaggap=\skip47
\mathdisplay@stack=\toks24
LaTeX Info: Redefining \[ on input line 2666.
LaTeX Info: Redefining \] on input line 2667.
) (./extended.aux)
\openout1 = `extended.aux'.

LaTeX Font Info:    Checking defaults for OML/cmm/m/it on input line 8.
LaTeX Font Info:    ... okay on input line 8.
LaTeX Font Info:    Checking defaults for T1/cmr/m/n on input line 8.
LaTeX Font Info:    ... okay on input line 8.
LaTeX Font Info:    Checking defaults for OT1/cmr/m/n on input line 8.
LaTeX Font Info:    ... okay on input line 8.
LaTeX Font Info:    Checking defaults for OMS/cmsy/m/n on input line 8.
LaTeX Font Info:    ... okay on input line 8.
LaTeX Font Info:    Checking defaults for OMX/cmex/m/n on input line 8.
LaTeX Font Info:    ... okay on input line 8.
LaTeX Font Info:    Checking defaults for U/cmr/m/n on input line 8.
LaTeX Font Info:    ... okay on input line 8.

(/usr/local/texlive/2011/texmf-dist/tex/context/base/supp-pdf.mkii
[Loading MPS to PDF converter (version 2006.09.02).]
\scratchcounter=\count128
\scratchdimen=\dimen135
\scratchbox=\box56
\nofMPsegments=\count129
\nofMParguments=\count130
\everyMPshowfont=\toks25
\MPscratchCnt=\count131
\MPscratchDim=\dimen136
\MPnumerator=\count132
\makeMPintoPDFobject=\count133
\everyMPtoPDFconversion=\toks26
)
LaTeX Font Info:    Try loading font information for U+msa on input line 28.
 (/usr/local/texlive/2011/texmf-dist/tex/latex/amsfonts/umsa.fd
File: umsa.fd 2009/06/22 v3.00 AMS symbols A
)
LaTeX Font Info:    Try loading font information for U+msb on input line 28.

(/usr/local/texlive/2011/texmf-dist/tex/latex/amsfonts/umsb.fd
File: umsb.fd 2009/06/22 v3.00 AMS symbols B
) [1


{/Users/iason/Library/texlive/2011/texmf-var/fonts/map/pdftex/updmap/pdftex.map
}] [2]
Overfull \hbox (1.15477pt too wide) in paragraph at lines 60--61
[]\OT1/cmr/m/n/10 In the fol-low-ing sub-sec-tions, the dif-fer-ent steps of th
e sys-tem sce-nario method-
 []

[3]

! LaTeX Error: Unknown graphics extension: .eps.

See the LaTeX manual or LaTeX Companion for explanation.
Type  H <return>  for immediate help.
 ...                                              
                                                  
l.74 ...udegraphics[width=2.5in]{profiling_v2.eps}
                                                  
Try typing  <return>  to proceed.
If that doesn't work, type  X <return>  to quit.

[4]

! LaTeX Error: Unknown graphics extension: .eps.

See the LaTeX manual or LaTeX Companion for explanation.
Type  H <return>  for immediate help.
 ...                                              
                                                  
l.93 \includegraphics[width=2.5in]{clust1.eps}
                                              
Try typing  <return>  to proceed.
If that doesn't work, type  X <return>  to quit.

[5]

! LaTeX Error: Unknown graphics extension: .eps.

See the LaTeX manual or LaTeX Companion for explanation.
Type  H <return>  for immediate help.
 ...                                              
                                                  
l.113 ...udegraphics[width=2.2in]{platform_v6.eps}
                                                  
Try typing  <return>  to proceed.
If that doesn't work, type  X <return>  to quit.

[6] [7]

! LaTeX Error: Unknown graphics extension: .eps.

See the LaTeX manual or LaTeX Companion for explanation.
Type  H <return>  for immediate help.
 ...                                              
                                                  
l.163 \includegraphics[width=3.4in]{eegprof.eps}
                                                
Try typing  <return>  to proceed.
If that doesn't work, type  X <return>  to quit.

[8]

! LaTeX Error: Unknown graphics extension: .eps.

See the LaTeX manual or LaTeX Companion for explanation.
Type  H <return>  for immediate help.
 ...                                              
                                                  
l.200 \includegraphics[width=3in]{results1.eps}
                                               
Try typing  <return>  to proceed.
If that doesn't work, type  X <return>  to quit.


! LaTeX Error: Unknown graphics extension: .eps.

See the LaTeX manual or LaTeX Companion for explanation.
Type  H <return>  for immediate help.
 ...                                              
                                                  
l.207 \includegraphics[width=3in]{res2.eps}
                                           
Try typing  <return>  to proceed.
If that doesn't work, type  X <return>  to quit.

[9] (./extended.bbl [10]
Missing character: There is no â in font cmti9!
Missing character: There is no € in font cmti9!
Missing character: There is no ™ in font cmti9!
 [11]) [12] (./extended.aux)

LaTeX Warning: Label(s) may have changed. Rerun to get cross-references right.

 ) 
Here is how much of TeX's memory you used:
 2453 strings out of 493634
 29879 string characters out of 3143401
 93997 words of memory out of 3000000
 5735 multiletter control sequences out of 15000+200000
 10612 words of font info for 41 fonts, out of 3000000 for 9000
 831 hyphenation exceptions out of 8191
 29i,9n,24p,2113b,319s stack positions out of 5000i,500n,10000p,200000b,50000s
</usr/local/texlive/2011/texmf-dist/fonts/type1/public/amsfonts/cm/cmbx10.pfb
></usr/local/texlive/2011/texmf-dist/fonts/type1/public/amsfonts/cm/cmbx12.pfb>
</usr/local/texlive/2011/texmf-dist/fonts/type1/public/amsfonts/cm/cmbx9.pfb></
usr/local/texlive/2011/texmf-dist/fonts/type1/public/amsfonts/cm/cmmi10.pfb></u
sr/local/texlive/2011/texmf-dist/fonts/type1/public/amsfonts/cm/cmmi9.pfb></usr
/local/texlive/2011/texmf-dist/fonts/type1/public/amsfonts/cm/cmr10.pfb></usr/l
ocal/texlive/2011/texmf-dist/fonts/type1/public/amsfonts/cm/cmr6.pfb></usr/loca
l/texlive/2011/texmf-dist/fonts/type1/public/amsfonts/cm/cmr7.pfb></usr/local/t
exlive/2011/texmf-dist/fonts/type1/public/amsfonts/cm/cmr9.pfb></usr/local/texl
ive/2011/texmf-dist/fonts/type1/public/amsfonts/cm/cmsy10.pfb></usr/local/texli
ve/2011/texmf-dist/fonts/type1/public/amsfonts/cm/cmsy6.pfb></usr/local/texlive
/2011/texmf-dist/fonts/type1/public/amsfonts/cm/cmsy7.pfb></usr/local/texlive/2
011/texmf-dist/fonts/type1/public/amsfonts/cm/cmsy9.pfb></usr/local/texlive/201
1/texmf-dist/fonts/type1/public/amsfonts/cm/cmti9.pfb></usr/local/texlive/2011/
texmf-dist/fonts/type1/public/amsfonts/symbols/msam10.pfb>
Output written on extended.pdf (12 pages, 211717 bytes).
PDF statistics:
 103 PDF objects out of 1000 (max. 8388607)
 73 compressed objects within 1 object stream
 0 named destinations out of 1000 (max. 500000)
 1 words of extra memory for PDF output out of 10000 (max. 10000000)

