This is pdfTeX, Version 3.1415926-2.3-1.40.12 (TeX Live 2011) (format=latex 2011.7.3)  12 JAN 2014 22:50
entering extended mode
 restricted \write18 enabled.
 %&-line parsing enabled.
**justtocompile.tex
(./justtocompile.tex
LaTeX2e <2009/09/24>
Babel <v3.8l> and hyphenation patterns for english, dumylang, nohyphenation, ge
rman-x-2009-06-19, ngerman-x-2009-06-19, afrikaans, ancientgreek, ibycus, arabi
c, armenian, basque, bulgarian, catalan, pinyin, coptic, croatian, czech, danis
h, dutch, ukenglish, usenglishmax, esperanto, estonian, ethiopic, farsi, finnis
h, french, galician, german, ngerman, swissgerman, monogreek, greek, hungarian,
 icelandic, assamese, bengali, gujarati, hindi, kannada, malayalam, marathi, or
iya, panjabi, tamil, telugu, indonesian, interlingua, irish, italian, kurmanji,
 lao, latin, latvian, lithuanian, mongolian, mongolianlmc, bokmal, nynorsk, pol
ish, portuguese, romanian, russian, sanskrit, serbian, serbianc, slovak, sloven
ian, spanish, swedish, turkish, turkmen, ukrainian, uppersorbian, welsh, loaded
.
(/usr/local/texlive/2011/texmf-dist/tex/latex/base/report.cls
Document Class: report 2007/10/19 v1.4h Standard LaTeX document class
(/usr/local/texlive/2011/texmf-dist/tex/latex/base/size12.clo
File: size12.clo 2007/10/19 v1.4h Standard LaTeX file (size option)
)
\c@part=\count79
\c@chapter=\count80
\c@section=\count81
\c@subsection=\count82
\c@subsubsection=\count83
\c@paragraph=\count84
\c@subparagraph=\count85
\c@figure=\count86
\c@table=\count87
\abovecaptionskip=\skip41
\belowcaptionskip=\skip42
\bibindent=\dimen102
)
(./justtocompile.aux)
\openout1 = `justtocompile.aux'.

LaTeX Font Info:    Checking defaults for OML/cmm/m/it on input line 2.
LaTeX Font Info:    ... okay on input line 2.
LaTeX Font Info:    Checking defaults for T1/cmr/m/n on input line 2.
LaTeX Font Info:    ... okay on input line 2.
LaTeX Font Info:    Checking defaults for OT1/cmr/m/n on input line 2.
LaTeX Font Info:    ... okay on input line 2.
LaTeX Font Info:    Checking defaults for OMS/cmsy/m/n on input line 2.
LaTeX Font Info:    ... okay on input line 2.
LaTeX Font Info:    Checking defaults for OMX/cmex/m/n on input line 2.
LaTeX Font Info:    ... okay on input line 2.
LaTeX Font Info:    Checking defaults for U/cmr/m/n on input line 2.
LaTeX Font Info:    ... okay on input line 2.
 (./justtocompile.bbl [1

]
Underfull \hbox (badness 1253) in paragraph at lines 26--29
[]\OT1/cmr/m/n/12 Grun P, Dutt N, Nico-lau A
 []


Underfull \hbox (badness 10000) in paragraph at lines 32--35
[]\OT1/cmr/m/n/12 Jacob BL, Chen
 []


Underfull \hbox (badness 1558) in paragraph at lines 32--35
\OT1/cmr/m/n/12 PM, Sil-ver-man SR, Mudge TN (1996) An an-a-lyt-i-cal model for

 []


Underfull \hbox (badness 1496) in paragraph at lines 32--35
\OT1/cmr/m/n/12 de-sign-ing mem-ory hi-er-ar-chies. Com-put-ers, IEEE Trans-ac-
tions on
 []


Underfull \hbox (badness 10000) in paragraph at lines 38--42
[]
 []

[2

]
Underfull \hbox (badness 1275) in paragraph at lines 59--63
[]\OT1/cmr/m/n/12 Passes N, Sha EM, Chao LF
 []


Underfull \hbox (badness 1303) in paragraph at lines 65--68
\OT1/cmr/m/n/12 application-specific mem-ory de-signs. Very Large Scale In-te-g
ra-tion
 []

) [3] (./justtocompile.aux)

LaTeX Warning: Label(s) may have changed. Rerun to get cross-references right.

 ) 
Here is how much of TeX's memory you used:
 246 strings out of 493634
 2761 string characters out of 3143401
 52245 words of memory out of 3000000
 3627 multiletter control sequences out of 15000+200000
 4544 words of font info for 17 fonts, out of 3000000 for 9000
 831 hyphenation exceptions out of 8191
 22i,4n,19p,173b,208s stack positions out of 5000i,500n,10000p,200000b,50000s

Output written on justtocompile.dvi (3 pages, 3952 bytes).
